# JRE version: OpenJDK Runtime Environment Temurin-17.0.7+7 (17.0.7+7) (build 17.0.7+7)
# Java VM: OpenJDK 64-Bit Server VM Temurin-17.0.7+7 (17.0.7+7, mixed mode, sharing, tiered, compressed oops, compressed class ptrs, g1 gc, windows-amd64)
GC Precious Log:
 CPUs: 16 total, 16 available
 Memory: 16333M
 Large Page Support: Disabled
 NUMA Support: Disabled
 Compressed Oops: Enabled (Zero based)
 Heap Region Size: 2M
 Heap Min Capacity: 512M
 Heap Initial Capacity: 512M
 Heap Max Capacity: 4072M
 Pre-touch: Disabled
 Parallel Workers: 13
 Concurrent Workers: 3
 Concurrent Refinement Workers: 13
 Periodic GC: Disabled
 String Deduplication is enabled
Heap:
 garbage-first heap   total 524288K, used 149095K [0x0000000701800000, 0x0000000800000000)
  region size 2048K, 25 young (51200K), 2 survivors (4096K)
 Metaspace       used 88517K, committed 89216K, reserved 1179648K
  class space    used 12260K, committed 12608K, reserved 1048576K
GC Heap History (20 events):
Event: 924.132 GC heap before
{Heap before GC invocations=75 (full 3):
 garbage-first heap   total 524288K, used 180828K [0x0000000701800000, 0x0000000800000000)
  region size 2048K, 40 young (81920K), 2 survivors (4096K)
 Metaspace       used 88076K, committed 88768K, reserved 1179648K
  class space    used 12213K, committed 12544K, reserved 1048576K
}
Event: 924.134 GC heap after
{Heap after GC invocations=76 (full 3):
 garbage-first heap   total 524288K, used 103563K [0x0000000701800000, 0x0000000800000000)
  region size 2048K, 2 young (4096K), 2 survivors (4096K)
 Metaspace       used 88076K, committed 88768K, reserved 1179648K
  class space    used 12213K, committed 12544K, reserved 1048576K
}
Event: 930.295 GC heap before
{Heap before GC invocations=76 (full 3):
 garbage-first heap   total 524288K, used 181387K [0x0000000701800000, 0x0000000800000000)
  region size 2048K, 40 young (81920K), 2 survivors (4096K)
 Metaspace       used 88120K, committed 88768K, reserved 1179648K
  class space    used 12214K, committed 12544K, reserved 1048576K
}
Event: 930.297 GC heap after
{Heap after GC invocations=77 (full 3):
 garbage-first heap   total 524288K, used 103517K [0x0000000701800000, 0x0000000800000000)
  region size 2048K, 2 young (4096K), 2 survivors (4096K)
 Metaspace       used 88120K, committed 88768K, reserved 1179648K
  class space    used 12214K, committed 12544K, reserved 1048576K
}
Event: 933.096 GC heap before
{Heap before GC invocations=77 (full 3):
 garbage-first heap   total 524288K, used 181341K [0x0000000701800000, 0x0000000800000000)
  region size 2048K, 40 young (81920K), 2 survivors (4096K)
 Metaspace       used 88217K, committed 88896K, reserved 1179648K
  class space    used 12215K, committed 12544K, reserved 1048576K
}
Event: 933.098 GC heap after
{Heap after GC invocations=78 (full 3):
 garbage-first heap   total 524288K, used 103882K [0x0000000701800000, 0x0000000800000000)
  region size 2048K, 2 young (4096K), 2 survivors (4096K)
 Metaspace       used 88217K, committed 88896K, reserved 1179648K
  class space    used 12215K, committed 12544K, reserved 1048576K
}
Event: 936.141 GC heap before
{Heap before GC invocations=78 (full 3):
 garbage-first heap   total 524288K, used 181706K [0x0000000701800000, 0x0000000800000000)
  region size 2048K, 40 young (81920K), 2 survivors (4096K)
 Metaspace       used 88269K, committed 88896K, reserved 1179648K
  class space    used 12215K, committed 12544K, reserved 1048576K
}
Event: 936.143 GC heap after
{Heap after GC invocations=79 (full 3):
 garbage-first heap   total 524288K, used 104495K [0x0000000701800000, 0x0000000800000000)
  region size 2048K, 2 young (4096K), 2 survivors (4096K)
 Metaspace       used 88269K, committed 88896K, reserved 1179648K
  class space    used 12215K, committed 12544K, reserved 1048576K
}
Event: 939.066 GC heap before
{Heap before GC invocations=79 (full 3):
 garbage-first heap   total 524288K, used 182319K [0x0000000701800000, 0x0000000800000000)
  region size 2048K, 40 young (81920K), 2 survivors (4096K)
 Metaspace       used 88282K, committed 88896K, reserved 1179648K
  class space    used 12215K, committed 12544K, reserved 1048576K
}
Event: 939.068 GC heap after
{Heap after GC invocations=80 (full 3):
 garbage-first heap   total 524288K, used 104026K [0x0000000701800000, 0x0000000800000000)
  region size 2048K, 2 young (4096K), 2 survivors (4096K)
 Metaspace       used 88282K, committed 88896K, reserved 1179648K
  class space    used 12215K, committed 12544K, reserved 1048576K
}
Event: 940.831 GC heap before
{Heap before GC invocations=80 (full 3):
 garbage-first heap   total 524288K, used 181850K [0x0000000701800000, 0x0000000800000000)
  region size 2048K, 40 young (81920K), 2 survivors (4096K)
 Metaspace       used 88282K, committed 88896K, reserved 1179648K
  class space    used 12215K, committed 12544K, reserved 1048576K
}
Event: 940.833 GC heap after
{Heap after GC invocations=81 (full 3):
 garbage-first heap   total 524288K, used 103964K [0x0000000701800000, 0x0000000800000000)
  region size 2048K, 2 young (4096K), 2 survivors (4096K)
 Metaspace       used 88282K, committed 88896K, reserved 1179648K
  class space    used 12215K, committed 12544K, reserved 1048576K
}
Event: 941.275 GC heap before
{Heap before GC invocations=81 (full 3):
 garbage-first heap   total 524288K, used 181788K [0x0000000701800000, 0x0000000800000000)
  region size 2048K, 40 young (81920K), 2 survivors (4096K)
 Metaspace       used 88282K, committed 88896K, reserved 1179648K
  class space    used 12215K, committed 12544K, reserved 1048576K
}
Event: 941.276 GC heap after
{Heap after GC invocations=82 (full 3):
 garbage-first heap   total 524288K, used 103829K [0x0000000701800000, 0x0000000800000000)
  region size 2048K, 2 young (4096K), 2 survivors (4096K)
 Metaspace       used 88282K, committed 88896K, reserved 1179648K
  class space    used 12215K, committed 12544K, reserved 1048576K
}
Event: 941.672 GC heap before
{Heap before GC invocations=82 (full 3):
 garbage-first heap   total 524288K, used 181653K [0x0000000701800000, 0x0000000800000000)
  region size 2048K, 40 young (81920K), 2 survivors (4096K)
 Metaspace       used 88282K, committed 88896K, reserved 1179648K
  class space    used 12215K, committed 12544K, reserved 1048576K
}
Event: 941.674 GC heap after
{Heap after GC invocations=83 (full 3):
 garbage-first heap   total 524288K, used 103939K [0x0000000701800000, 0x0000000800000000)
  region size 2048K, 2 young (4096K), 2 survivors (4096K)
 Metaspace       used 88282K, committed 88896K, reserved 1179648K
  class space    used 12215K, committed 12544K, reserved 1048576K
}
Event: 942.277 GC heap before
{Heap before GC invocations=83 (full 3):
 garbage-first heap   total 524288K, used 181763K [0x0000000701800000, 0x0000000800000000)
  region size 2048K, 40 young (81920K), 2 survivors (4096K)
 Metaspace       used 88282K, committed 88896K, reserved 1179648K
  class space    used 12215K, committed 12544K, reserved 1048576K
}
Event: 942.279 GC heap after
{Heap after GC invocations=84 (full 3):
 garbage-first heap   total 524288K, used 103942K [0x0000000701800000, 0x0000000800000000)
  region size 2048K, 2 young (4096K), 2 survivors (4096K)
 Metaspace       used 88282K, committed 88896K, reserved 1179648K
  class space    used 12215K, committed 12544K, reserved 1048576K
}
Event: 942.823 GC heap before
{Heap before GC invocations=84 (full 3):
 garbage-first heap   total 524288K, used 181766K [0x0000000701800000, 0x0000000800000000)
  region size 2048K, 40 young (81920K), 2 survivors (4096K)
 Metaspace       used 88282K, committed 88896K, reserved 1179648K
  class space    used 12215K, committed 12544K, reserved 1048576K
}
Event: 942.825 GC heap after
{Heap after GC invocations=85 (full 3):
 garbage-first heap   total 524288K, used 104039K [0x0000000701800000, 0x0000000800000000)
  region size 2048K, 2 young (4096K), 2 survivors (4096K)
 Metaspace       used 88282K, committed 88896K, reserved 1179648K
  class space    used 12215K, committed 12544K, reserved 1048576K
}

